<?xml version="1.0" encoding="UTF-8"?>
<!-- Generated by org.testng.reporters.JUnitReportReporter -->
<testsuite hostname="DESKTOP-IBR7410" failures="0" tests="1" name="org.example.launchbrowser" time="3.771" errors="0" timestamp="2023-05-10T09:44:31 IST" skipped="0">
  <testcase classname="org.example.launchbrowser" name="chrome" time="3.771"/>
  <system-out/>
</testsuite> <!-- org.example.launchbrowser -->
