<?xml version="1.0" encoding="UTF-8"?>
<!-- Generated by org.testng.reporters.JUnitReportReporter -->
<testsuite hostname="DESKTOP-IBR7410" failures="0" tests="3" name="org.example.group" time="0.011" errors="0" timestamp="2023-05-10T09:56:43 IST" skipped="0">
  <testcase classname="org.example.group" name="testcase3" time="0.001"/>
  <system-out/>
  <testcase classname="org.example.group" name="testcase1" time="0.010"/>
  <system-out/>
  <testcase classname="org.example.group" name="testcase2" time="0.000"/>
  <system-out/>
</testsuite> <!-- org.example.group -->
