<?xml version="1.0" encoding="UTF-8"?>
<!-- Generated by org.testng.reporters.JUnitReportReporter -->
<testsuite hostname="DESKTOP-IBR7410" failures="0" tests="1" name="org.example.mozillalauncher" time="6.242" errors="0" timestamp="2023-05-10T09:44:31 IST" skipped="0">
  <testcase classname="org.example.mozillalauncher" name="mozilla" time="6.242"/>
  <system-out/>
</testsuite> <!-- org.example.mozillalauncher -->
