<?xml version="1.0" encoding="UTF-8"?>
<!-- Generated by org.testng.reporters.JUnitReportReporter -->
<testsuite hostname="DESKTOP-IBR7410" failures="0" tests="1" name="org.example.Parameters" time="6.208" errors="0" timestamp="2023-05-10T09:42:27 IST" skipped="0">
  <testcase classname="org.example.Parameters" name="testparameters" time="6.208"/>
  <system-out/>
</testsuite> <!-- org.example.Parameters -->
