<?xml version="1.0" encoding="UTF-8"?>
<!-- Generated by org.testng.reporters.JUnitReportReporter -->
<testsuite hostname="DESKTOP-IBR7410" failures="0" tests="1" name="org.example.Edgelauncher" time="6.195" errors="0" timestamp="2023-05-10T09:44:31 IST" skipped="0">
  <testcase classname="org.example.Edgelauncher" name="edge" time="6.195"/>
  <system-out/>
</testsuite> <!-- org.example.Edgelauncher -->
